c:\users\logan\onedrive\agk\execorder\windows\debug\gamescreen.obj
c:\users\logan\onedrive\agk\execorder\windows\debug\execorder.obj
c:\users\logan\onedrive\agk\execorder\windows\debug\core.obj
c:\users\logan\onedrive\agk\execorder\windows\debug\game.obj
c:\users\nmb1331\documents\github\executiveorder\debug\core.obj
c:\users\logan\onedrive\agk\execorder\windows\final\execorder.exe
c:\users\logan\onedrive\agk\execorder\windows\final\execorder.pdb
c:\users\brand\source\repos\executiveorder\debug\core.obj
c:\users\brand\source\repos\executiveorder\debug\execorder.obj
c:\users\brand\source\repos\executiveorder\debug\game.obj
c:\users\brand\source\repos\executiveorder\debug\gamescreen.obj
c:\users\brand\source\repos\executiveorder\debug\template.obj
c:\users\brand\source\repos\executiveorder\debug\testaga.obj
c:\users\brand\source\repos\executiveorder\final\execorder.exe
c:\users\brand\source\repos\executiveorder\debug\execorder.tlog\cl.command.1.tlog
c:\users\brand\source\repos\executiveorder\debug\execorder.tlog\cl.read.1.tlog
c:\users\brand\source\repos\executiveorder\debug\execorder.tlog\cl.write.1.tlog
c:\users\brand\source\repos\executiveorder\debug\execorder.tlog\link.command.1.tlog
c:\users\brand\source\repos\executiveorder\debug\execorder.tlog\link.read.1.tlog
c:\users\brand\source\repos\executiveorder\debug\execorder.tlog\link.write.1.tlog
